<?xml version="1.0" encoding="UTF-8"?>
<testng-results total="1" passed="1" failed="0" skipped="0">
  <reporter-output>
  </reporter-output>
  <suite started-at="2021-07-08T20:38:57Z" name="Default suite" finished-at="2021-07-08T20:39:10Z" duration-ms="12699">
    <groups>
    </groups>
    <test started-at="2021-07-08T20:38:57Z" name="Default test" finished-at="2021-07-08T20:39:10Z" duration-ms="12699">
      <class name="ToolsQA.mavenEnvironmentsetUp.AppTest">
        <test-method is-config="true" signature="launchApp()[pri:0, instance:ToolsQA.mavenEnvironmentsetUp.AppTest@327af41b]" started-at="2021-07-09T02:08:57Z" name="launchApp" finished-at="2021-07-09T02:09:04Z" duration-ms="6908" status="PASS">
          <reporter-output>
          </reporter-output>
        </test-method> <!-- launchApp -->
        <test-method signature="maincode(java.util.HashMap)[pri:0, instance:ToolsQA.mavenEnvironmentsetUp.AppTest@327af41b]" started-at="2021-07-09T02:09:04Z" name="maincode" data-provider="webSiteData" finished-at="2021-07-09T02:09:10Z" duration-ms="5680" status="PASS">
          <params>
            <param index="0">
              <value>
                <![CDATA[{org=xyz Ltd, name=abc, lang2=Dutch, lang1=English, email=qwerty@gmail.com}]]>
              </value>
            </param>
          </params>
          <reporter-output>
          </reporter-output>
        </test-method> <!-- maincode -->
        <test-method is-config="true" signature="close()[pri:0, instance:ToolsQA.mavenEnvironmentsetUp.AppTest@327af41b]" started-at="2021-07-09T02:09:10Z" name="close" finished-at="2021-07-09T02:09:10Z" duration-ms="91" status="PASS">
          <reporter-output>
          </reporter-output>
        </test-method> <!-- close -->
      </class> <!-- ToolsQA.mavenEnvironmentsetUp.AppTest -->
    </test> <!-- Default test -->
  </suite> <!-- Default suite -->
</testng-results>
